<?xml version="1.0" encoding="UTF-8"?>
<testng-results skipped="0" failed="0" ignored="0" total="1" passed="1">
  <reporter-output>
  </reporter-output>
  <suite name="Default suite" duration-ms="32796" started-at="2019-10-27T16:19:00 AEDT" finished-at="2019-10-27T16:19:33 AEDT">
    <groups>
      <group name="cucumber">
        <method signature="AbstractTestNGCucumberTests.feature(cucumber.api.testng.CucumberFeatureWrapper)[pri:0, instance:com.bbc.cucumbertestrunner.TestRunner@e320068]" name="feature" class="cucumber.api.testng.AbstractTestNGCucumberTests"/>
      </group> <!-- cucumber -->
    </groups>
    <test name="Default test" duration-ms="32796" started-at="2019-10-27T16:19:00 AEDT" finished-at="2019-10-27T16:19:33 AEDT">
      <class name="com.bbc.cucumbertestrunner.TestRunner">
        <test-method status="PASS" signature="setUpClass()[pri:0, instance:com.bbc.cucumbertestrunner.TestRunner@e320068]" name="setUpClass" is-config="true" duration-ms="248" started-at="2019-10-27T16:19:00 AEDT" finished-at="2019-10-27T16:19:00 AEDT">
          <reporter-output>
          </reporter-output>
        </test-method> <!-- setUpClass -->
        <test-method status="PASS" signature="feature(cucumber.api.testng.CucumberFeatureWrapper)[pri:0, instance:com.bbc.cucumbertestrunner.TestRunner@e320068]" name="feature" duration-ms="32446" started-at="2019-10-27T16:19:00 AEDT" description="Runs Cucumber Feature" data-provider="features" finished-at="2019-10-27T16:19:33 AEDT">
          <params>
            <param index="0">
              <value>
                <![CDATA[Defining personilized news topics on ABC News app]]>
              </value>
            </param>
          </params>
          <reporter-output>
          </reporter-output>
        </test-method> <!-- feature -->
        <test-method status="PASS" signature="tearDownClass()[pri:0, instance:com.bbc.cucumbertestrunner.TestRunner@e320068]" name="tearDownClass" is-config="true" duration-ms="3" started-at="2019-10-27T16:19:33 AEDT" finished-at="2019-10-27T16:19:33 AEDT">
          <reporter-output>
          </reporter-output>
        </test-method> <!-- tearDownClass -->
      </class> <!-- com.bbc.cucumbertestrunner.TestRunner -->
    </test> <!-- Default test -->
  </suite> <!-- Default suite -->
</testng-results>
